


ARM Macro Assembler    Page 1 


    1 00000000                 AREA             PROG_2_4, CODE, READONLY
    2 00000000                 ENTRY
    3 00000000 E59F000C        LDR              R0,=0XE0090000
    4 00000004 E5901000        LDR              R1, [R0]
    5 00000008 E5902004        LDR              R2, [R0, #04]
    6 0000000C E0812002        ADD              R2,R1,R2
    7 00000010 E5802008        STR              R2, [R0,#08]
    8 00000014                 END
              E0090000 
Command Line: --debug --xref --apcs=interwork -o1.o -ID:\armkeil\ARM\INC -ID:\a
rmkeil\ARM\INC\Philips --predefine="__EVAL SETA 1" --list=1.lst 1.asm



ARM Macro Assembler    Page 1 Alphabetic symbol ordering
Relocatable symbols

PROG_2_4 00000000

Symbol: PROG_2_4
   Definitions
      At line 1 in file 1.asm
   Uses
      None
Comment: PROG_2_4 unused
1 symbol
323 symbols in table
